0 info it worked if it ends with ok
1 verbose cli [ 'node', '/usr/local/bin/npm', 'install', '-g', 'bower' ]
2 info using npm@1.4.28
3 info using node@v0.10.33
4 verbose cache add [ 'bower', null ]
5 verbose cache add name=undefined spec="bower" args=["bower",null]
6 verbose parsed url { protocol: null,
6 verbose parsed url   slashes: null,
6 verbose parsed url   auth: null,
6 verbose parsed url   host: null,
6 verbose parsed url   port: null,
6 verbose parsed url   hostname: null,
6 verbose parsed url   hash: null,
6 verbose parsed url   search: null,
6 verbose parsed url   query: null,
6 verbose parsed url   pathname: 'bower',
6 verbose parsed url   path: 'bower',
6 verbose parsed url   href: 'bower' }
7 silly lockFile 206e3ce5-bower bower
8 verbose lock bower /Users/willwilcox/.npm/206e3ce5-bower.lock
9 silly lockFile 206e3ce5-bower bower
10 silly lockFile 206e3ce5-bower bower
11 verbose addNamed [ 'bower', '' ]
12 verbose addNamed [ null, '*' ]
13 silly lockFile 1240aab1-bower bower@
14 verbose lock bower@ /Users/willwilcox/.npm/1240aab1-bower.lock
15 silly addNameRange { name: 'bower', range: '*', hasData: false }
16 verbose request where is /bower
17 verbose request registry https://registry.npmjs.org/
18 verbose request id aa20df81a6aa3ed8
19 verbose url raw /bower
20 verbose url resolving [ 'https://registry.npmjs.org/', './bower' ]
21 verbose url resolved https://registry.npmjs.org/bower
22 verbose request where is https://registry.npmjs.org/bower
23 info trying registry request attempt 1 at 18:18:08
24 verbose etag "8ROGM9WJYQV0HUZBO1G2XATYT"
25 http GET https://registry.npmjs.org/bower
26 http 200 https://registry.npmjs.org/bower
27 silly registry.get cb [ 200,
27 silly registry.get   { server: 'CouchDB/1.5.0 (Erlang OTP/R16B03)',
27 silly registry.get     etag: '"BTDTQ30K9H00LATV6BEKT1GC8"',
27 silly registry.get     'content-type': 'application/json',
27 silly registry.get     'cache-control': 'max-age=60',
27 silly registry.get     'content-length': '122856',
27 silly registry.get     'accept-ranges': 'bytes',
27 silly registry.get     date: 'Mon, 28 Sep 2015 22:18:09 GMT',
27 silly registry.get     via: '1.1 varnish',
27 silly registry.get     age: '45',
27 silly registry.get     connection: 'keep-alive',
27 silly registry.get     'x-served-by': 'cache-jfk1020-JFK',
27 silly registry.get     'x-cache': 'HIT',
27 silly registry.get     'x-cache-hits': '3',
27 silly registry.get     'x-timer': 'S1443478689.167379,VS0,VE0',
27 silly registry.get     vary: 'Accept' } ]
28 silly addNameRange number 2 { name: 'bower', range: '*', hasData: true }
29 silly addNameRange versions [ 'bower',
29 silly addNameRange   [ '0.1.0',
29 silly addNameRange     '0.1.2',
29 silly addNameRange     '0.1.3',
29 silly addNameRange     '0.2.0',
29 silly addNameRange     '0.3.0',
29 silly addNameRange     '0.3.1',
29 silly addNameRange     '0.3.2',
29 silly addNameRange     '0.4.0',
29 silly addNameRange     '0.5.0',
29 silly addNameRange     '0.5.1',
29 silly addNameRange     '0.6.0',
29 silly addNameRange     '0.6.1',
29 silly addNameRange     '0.6.2',
29 silly addNameRange     '0.6.3',
29 silly addNameRange     '0.6.4',
29 silly addNameRange     '0.6.5',
29 silly addNameRange     '0.6.6',
29 silly addNameRange     '0.6.7',
29 silly addNameRange     '0.6.8',
29 silly addNameRange     '0.7.0',
29 silly addNameRange     '0.7.1',
29 silly addNameRange     '0.8.0',
29 silly addNameRange     '0.8.1',
29 silly addNameRange     '0.8.2',
29 silly addNameRange     '0.8.3',
29 silly addNameRange     '0.8.4',
29 silly addNameRange     '0.8.5',
29 silly addNameRange     '0.8.6',
29 silly addNameRange     '0.9.0',
29 silly addNameRange     '0.9.1',
29 silly addNameRange     '0.9.2',
29 silly addNameRange     '0.10.0',
29 silly addNameRange     '1.0.0',
29 silly addNameRange     '1.0.1',
29 silly addNameRange     '1.0.2',
29 silly addNameRange     '1.0.3',
29 silly addNameRange     '1.1.0',
29 silly addNameRange     '1.1.1',
29 silly addNameRange     '1.1.2',
29 silly addNameRange     '1.2.0',
29 silly addNameRange     '1.2.1',
29 silly addNameRange     '1.2.2',
29 silly addNameRange     '1.2.3',
29 silly addNameRange     '1.2.4',
29 silly addNameRange     '1.2.5',
29 silly addNameRange     '1.2.6',
29 silly addNameRange     '1.2.7',
29 silly addNameRange     '1.2.8',
29 silly addNameRange     '1.3.0',
29 silly addNameRange     '1.3.1',
29 silly addNameRange     '1.3.2',
29 silly addNameRange     '1.3.3',
29 silly addNameRange     '1.3.4',
29 silly addNameRange     '1.3.5',
29 silly addNameRange     '1.3.6',
29 silly addNameRange     '1.3.7',
29 silly addNameRange     '1.3.8',
29 silly addNameRange     '1.3.9',
29 silly addNameRange     '1.3.10',
29 silly addNameRange     '1.3.11',
29 silly addNameRange     '1.3.12',
29 silly addNameRange     '1.4.0',
29 silly addNameRange     '1.4.1',
29 silly addNameRange     '1.5.0',
29 silly addNameRange     '1.5.1',
29 silly addNameRange     '1.5.2',
29 silly addNameRange     '1.5.3' ] ]
30 verbose addNamed [ 'bower', '1.5.3' ]
31 verbose addNamed [ '1.5.3', '1.5.3' ]
32 silly lockFile a87c38db-bower-1-5-3 bower@1.5.3
33 verbose lock bower@1.5.3 /Users/willwilcox/.npm/a87c38db-bower-1-5-3.lock
34 silly lockFile 3a55fcca--npmjs-org-bower-bower-1-5-3-tgz https://registry.npmjs.org/bower/-/bower-1.5.3.tgz
35 verbose lock https://registry.npmjs.org/bower/-/bower-1.5.3.tgz /Users/willwilcox/.npm/3a55fcca--npmjs-org-bower-bower-1-5-3-tgz.lock
36 verbose addRemoteTarball [ 'https://registry.npmjs.org/bower/-/bower-1.5.3.tgz',
36 verbose addRemoteTarball   'ee5d7952e114e30b18795e20e9fefcc5b4cf963d' ]
37 info retry fetch attempt 1 at 18:18:11
38 verbose fetch to= /var/folders/8y/p19rpf2d5lqd0lk3430ljjkm0000gn/T/npm-12112-bybVPhBP/registry.npmjs.org/bower/-/bower-1.5.3.tgz
39 http GET https://registry.npmjs.org/bower/-/bower-1.5.3.tgz
40 http 200 https://registry.npmjs.org/bower/-/bower-1.5.3.tgz
41 silly lockFile 3a55fcca--npmjs-org-bower-bower-1-5-3-tgz https://registry.npmjs.org/bower/-/bower-1.5.3.tgz
42 silly lockFile 3a55fcca--npmjs-org-bower-bower-1-5-3-tgz https://registry.npmjs.org/bower/-/bower-1.5.3.tgz
43 silly lockFile a87c38db-bower-1-5-3 bower@1.5.3
44 silly lockFile a87c38db-bower-1-5-3 bower@1.5.3
45 silly lockFile 1240aab1-bower bower@
46 silly lockFile 1240aab1-bower bower@
47 error Error: EACCES, mkdir '/Users/willwilcox/.npm/bower/1.5.3'
47 error  { [Error: EACCES, mkdir '/Users/willwilcox/.npm/bower/1.5.3']
47 error   errno: 3,
47 error   code: 'EACCES',
47 error   path: '/Users/willwilcox/.npm/bower/1.5.3' }
48 error Please try running this command again as root/Administrator.
49 error System Darwin 14.0.0
50 error command "node" "/usr/local/bin/npm" "install" "-g" "bower"
51 error cwd /Users/willwilcox/Desktop/hakuna
52 error node -v v0.10.33
53 error npm -v 1.4.28
54 error path /Users/willwilcox/.npm/bower/1.5.3
55 error code EACCES
56 error errno 3
57 error stack Error: EACCES, mkdir '/Users/willwilcox/.npm/bower/1.5.3'
58 verbose exit [ 3, true ]
